2020-07-15T22:06:44.405Z [my-bank-api] info: API Started
2020-07-15T22:07:58.944Z [my-bank-api] info: PUT /account - {"id":5,"name":"Rafael Souto","balance":10000}
2020-07-15T22:08:15.309Z [my-bank-api] info: POST /account/transaction - {"id":5,"value":-2090}
2020-07-15T22:21:48.634Z [my-bank-api] info: API Started
2020-07-15T22:21:57.991Z [my-bank-api] info: GET /account
2020-07-15T22:22:18.294Z [my-bank-api] info: POST /account - {"id":6,"name":"Felipe Bastos","balance":5000}
2020-07-15T22:22:38.523Z [my-bank-api] info: POST /account/transaction - {"id":5,"value":-10}
2020-07-15T22:24:26.491Z [my-bank-api] info: API Started
2020-07-15T22:25:27.443Z [my-bank-api] info: API Started
2020-07-16T00:58:17.979Z [my-bank-api] info: API Started
2020-07-16T01:07:48.576Z [my-bank-api] info: API Started
2020-07-16T01:25:06.168Z [my-bank-api] info: API Started
2020-07-16T01:25:48.866Z [my-bank-api] info: GET /account
2020-07-16T01:26:08.392Z [my-bank-api] info: GET /account
2020-07-16T01:26:52.614Z [my-bank-api] info: GET /account
2020-07-16T01:26:57.544Z [my-bank-api] info: GET /account
2020-07-16T01:30:27.117Z [my-bank-api] info: GET /account
2020-07-16T01:33:59.762Z [my-bank-api] info: API Started
2020-07-16T01:34:41.726Z [my-bank-api] info: API Started
2020-07-16T01:35:29.088Z [my-bank-api] info: GET /account
2020-07-16T01:37:57.712Z [my-bank-api] info: API Started
2020-07-16T01:39:41.799Z [my-bank-api] info: API Started
2020-07-16T01:42:19.611Z [my-bank-api] info: GET /account
2020-07-16T01:42:52.561Z [my-bank-api] info: POST /account - {"id":7,"name":"Teste via Documentação","balance":1000}
2020-07-16T01:43:03.348Z [my-bank-api] info: GET /account
2020-07-16T01:57:02.216Z [my-bank-api] info: API Started
2020-07-16T01:57:18.166Z [my-bank-api] info: GET /account/:id
2020-07-16T01:58:23.589Z [my-bank-api] info: GET /account
2020-07-16T02:00:27.736Z [my-bank-api] info: GET /account
2020-07-16T02:03:55.358Z [my-bank-api] info: API Started
2020-07-16T02:04:22.290Z [my-bank-api] info: GET /account
2020-07-16T02:04:24.900Z [my-bank-api] info: GET /account
2020-07-16T02:05:27.193Z [my-bank-api] info: API Started
2020-07-16T02:05:59.148Z [my-bank-api] info: API Started
